mode: set
awesomeProject/datasource/sql.go:8.41,10.16 2 0
awesomeProject/datasource/sql.go:10.16,12.3 1 0
awesomeProject/datasource/sql.go:14.2,16.16 2 0
awesomeProject/datasource/sql.go:16.16,18.3 1 0
awesomeProject/datasource/sql.go:20.2,21.16 2 0
awesomeProject/datasource/sql.go:21.16,23.3 1 0
awesomeProject/datasource/sql.go:25.2,26.16 2 0
awesomeProject/datasource/sql.go:26.16,28.3 1 0
awesomeProject/datasource/sql.go:30.2,30.16 1 0
awesomeProject/main.go:29.13,31.16 2 0
awesomeProject/main.go:31.16,34.3 2 0
awesomeProject/main.go:36.2,47.52 9 0
awesomeProject/main.go:47.52,49.3 1 0
awesomeProject/main.go:51.2,61.11 9 0
awesomeProject/docs/docs.go:261.13,263.2 1 0
awesomeProject/models/error.go:8.37,10.2 1 0
awesomeProject/models/task.go:17.32,19.2 1 0
awesomeProject/models/user.go:14.33,16.2 1 0
awesomeProject/migrations/migrations/20250702172623_create_employee_table.go:12.46,14.42 1 0
awesomeProject/migrations/migrations/20250702172623_create_employee_table.go:14.42,16.18 2 0
awesomeProject/migrations/migrations/20250702172623_create_employee_table.go:16.18,18.5 1 0
awesomeProject/migrations/migrations/20250702172623_create_employee_table.go:19.4,19.14 1 0
awesomeProject/migrations/migrations/20250702173352_create_user_table.go:7.44,9.42 1 0
awesomeProject/migrations/migrations/20250702173352_create_user_table.go:9.42,13.4 1 0
awesomeProject/migrations/migrations/all.go:8.40,14.2 1 0
awesomeProject/handler/task/handler.go:15.40,17.2 1 1
awesomeProject/handler/task/handler.go:30.59,34.16 3 1
awesomeProject/handler/task/handler.go:34.16,36.3 1 1
awesomeProject/handler/task/handler.go:38.2,40.16 2 1
awesomeProject/handler/task/handler.go:40.16,42.3 1 1
awesomeProject/handler/task/handler.go:44.2,44.26 1 1
awesomeProject/handler/task/handler.go:55.60,57.16 2 1
awesomeProject/handler/task/handler.go:57.16,59.3 1 1
awesomeProject/handler/task/handler.go:61.2,61.17 1 1
awesomeProject/handler/task/handler.go:74.59,76.16 2 1
awesomeProject/handler/task/handler.go:76.16,78.3 1 1
awesomeProject/handler/task/handler.go:80.2,81.16 2 1
awesomeProject/handler/task/handler.go:81.16,83.3 1 1
awesomeProject/handler/task/handler.go:85.2,85.17 1 1
awesomeProject/handler/task/handler.go:98.62,100.16 2 1
awesomeProject/handler/task/handler.go:100.16,102.3 1 1
awesomeProject/handler/task/handler.go:104.2,106.16 2 1
awesomeProject/handler/task/handler.go:106.16,108.3 1 1
awesomeProject/handler/task/handler.go:110.2,110.28 1 1
awesomeProject/handler/task/handler.go:123.62,126.16 2 1
awesomeProject/handler/task/handler.go:126.16,128.3 1 1
awesomeProject/handler/task/handler.go:130.2,132.16 2 1
awesomeProject/handler/task/handler.go:132.16,134.3 1 1
awesomeProject/handler/task/handler.go:136.2,136.28 1 1
awesomeProject/handler/task/mock_interface.go:33.67,37.2 3 1
awesomeProject/handler/task/mock_interface.go:40.65,42.2 1 1
awesomeProject/handler/task/mock_interface.go:45.82,50.2 4 1
awesomeProject/handler/task/mock_interface.go:53.81,56.2 2 1
awesomeProject/handler/task/mock_interface.go:59.79,65.2 5 1
awesomeProject/handler/task/mock_interface.go:68.77,71.2 2 1
awesomeProject/handler/task/mock_interface.go:74.84,80.2 5 1
awesomeProject/handler/task/mock_interface.go:83.74,86.2 2 1
awesomeProject/handler/task/mock_interface.go:89.79,95.2 5 1
awesomeProject/handler/task/mock_interface.go:98.77,101.2 2 1
awesomeProject/handler/task/mock_interface.go:104.79,110.2 5 1
awesomeProject/handler/task/mock_interface.go:113.71,116.2 2 1
awesomeProject/handler/user/handler.go:14.40,16.2 1 1
awesomeProject/handler/user/handler.go:18.59,23.16 3 1
awesomeProject/handler/user/handler.go:23.16,25.3 1 1
awesomeProject/handler/user/handler.go:27.2,28.16 2 1
awesomeProject/handler/user/handler.go:28.16,30.3 1 1
awesomeProject/handler/user/handler.go:32.2,32.28 1 1
awesomeProject/handler/user/handler.go:35.63,38.16 2 1
awesomeProject/handler/user/handler.go:38.16,40.3 1 1
awesomeProject/handler/user/handler.go:42.2,44.16 2 1
awesomeProject/handler/user/handler.go:44.16,46.3 1 1
awesomeProject/handler/user/handler.go:48.2,48.17 1 1
awesomeProject/handler/user/handler.go:51.60,53.16 2 1
awesomeProject/handler/user/handler.go:53.16,55.3 1 1
awesomeProject/handler/user/handler.go:57.2,57.17 1 1
awesomeProject/handler/user/mock_interface.go:33.67,37.2 3 1
awesomeProject/handler/user/mock_interface.go:40.65,42.2 1 1
awesomeProject/handler/user/mock_interface.go:45.73,50.2 4 1
awesomeProject/handler/user/mock_interface.go:53.76,56.2 2 1
awesomeProject/handler/user/mock_interface.go:59.85,65.2 5 1
awesomeProject/handler/user/mock_interface.go:68.76,71.2 2 1
awesomeProject/handler/user/mock_interface.go:74.81,80.2 5 1
awesomeProject/handler/user/mock_interface.go:83.71,86.2 2 1
awesomeProject/services/task/mock_interface.go:33.63,37.2 3 1
awesomeProject/services/task/mock_interface.go:40.61,42.2 1 1
awesomeProject/services/task/mock_interface.go:45.80,50.2 4 1
awesomeProject/services/task/mock_interface.go:53.79,56.2 2 1
awesomeProject/services/task/mock_interface.go:59.70,64.2 4 1
awesomeProject/services/task/mock_interface.go:67.77,70.2 2 1
awesomeProject/services/task/mock_interface.go:73.77,79.2 5 1
awesomeProject/services/task/mock_interface.go:82.75,85.2 2 1
awesomeProject/services/task/mock_interface.go:88.82,94.2 5 1
awesomeProject/services/task/mock_interface.go:97.72,100.2 2 1
awesomeProject/services/task/mock_interface.go:103.77,109.2 5 1
awesomeProject/services/task/mock_interface.go:112.75,115.2 2 1
awesomeProject/services/task/mock_interface.go:118.77,124.2 5 1
awesomeProject/services/task/mock_interface.go:127.69,130.2 2 1
awesomeProject/services/task/mock_interface.go:145.67,149.2 3 1
awesomeProject/services/task/mock_interface.go:152.65,154.2 1 1
awesomeProject/services/task/mock_interface.go:157.71,162.2 4 1
awesomeProject/services/task/mock_interface.go:165.78,168.2 2 1
awesomeProject/services/task/service.go:14.61,19.2 1 1
awesomeProject/services/task/service.go:21.74,22.16 1 1
awesomeProject/services/task/service.go:22.16,24.3 1 1
awesomeProject/services/task/service.go:26.2,28.11 2 1
awesomeProject/services/task/service.go:28.11,30.3 1 1
awesomeProject/services/task/service.go:31.2,31.66 1 1
awesomeProject/services/task/service.go:34.70,36.2 1 1
awesomeProject/services/task/service.go:38.74,39.35 1 1
awesomeProject/services/task/service.go:39.35,41.3 1 1
awesomeProject/services/task/service.go:42.2,42.81 1 1
awesomeProject/services/task/service.go:45.70,46.35 1 1
awesomeProject/services/task/service.go:46.35,48.3 1 1
awesomeProject/services/task/service.go:49.2,49.73 1 1
awesomeProject/services/task/service.go:52.70,53.35 1 1
awesomeProject/services/task/service.go:53.35,55.3 1 1
awesomeProject/services/task/service.go:56.2,56.73 1 1
awesomeProject/store/task/store.go:16.29,18.2 1 1
awesomeProject/store/task/store.go:20.72,22.16 2 1
awesomeProject/store/task/store.go:22.16,25.3 2 1
awesomeProject/store/task/store.go:27.2,27.12 1 1
awesomeProject/store/task/store.go:30.69,42.16 7 1
awesomeProject/store/task/store.go:42.16,49.3 2 1
awesomeProject/store/task/store.go:51.2,53.17 2 1
awesomeProject/store/task/store.go:53.17,55.17 2 1
awesomeProject/store/task/store.go:55.17,58.4 2 0
awesomeProject/store/task/store.go:59.3,59.69 1 1
awesomeProject/store/task/store.go:62.2,62.21 1 1
awesomeProject/store/task/store.go:65.74,75.16 6 1
awesomeProject/store/task/store.go:75.16,79.3 2 1
awesomeProject/store/task/store.go:80.2,80.53 1 1
awesomeProject/store/task/store.go:83.69,85.16 2 1
awesomeProject/store/task/store.go:85.16,88.3 2 1
awesomeProject/store/task/store.go:90.2,90.18 1 1
awesomeProject/store/task/store.go:93.69,95.16 2 1
awesomeProject/store/task/store.go:95.16,98.3 2 1
awesomeProject/store/task/store.go:100.2,100.18 1 1
awesomeProject/store/task/store.go:103.62,107.16 3 1
awesomeProject/store/task/store.go:107.16,108.27 1 1
awesomeProject/store/task/store.go:108.27,110.4 1 1
awesomeProject/store/task/store.go:112.3,114.15 2 1
awesomeProject/store/task/store.go:117.2,117.13 1 1
awesomeProject/services/user/mock_interface.go:33.63,37.2 3 1
awesomeProject/services/user/mock_interface.go:40.61,42.2 1 1
awesomeProject/services/user/mock_interface.go:45.71,50.2 4 1
awesomeProject/services/user/mock_interface.go:53.74,56.2 2 1
awesomeProject/services/user/mock_interface.go:59.67,64.2 4 1
awesomeProject/services/user/mock_interface.go:67.78,70.2 2 1
awesomeProject/services/user/mock_interface.go:73.69,78.2 4 1
awesomeProject/services/user/mock_interface.go:81.76,84.2 2 1
awesomeProject/services/user/mock_interface.go:87.85,93.2 5 1
awesomeProject/services/user/mock_interface.go:96.76,99.2 2 1
awesomeProject/services/user/mock_interface.go:102.76,108.2 5 1
awesomeProject/services/user/mock_interface.go:111.69,114.2 2 1
awesomeProject/services/user/service.go:13.36,17.2 1 1
awesomeProject/services/user/service.go:19.65,20.16 1 1
awesomeProject/services/user/service.go:20.16,22.3 1 1
awesomeProject/services/user/service.go:24.2,24.35 1 1
awesomeProject/services/user/service.go:27.72,28.36 1 1
awesomeProject/services/user/service.go:28.36,30.3 1 1
awesomeProject/services/user/service.go:32.2,32.84 1 1
awesomeProject/services/user/service.go:35.75,36.28 1 1
awesomeProject/services/user/service.go:36.28,38.3 1 1
awesomeProject/services/user/service.go:40.2,40.100 1 1
awesomeProject/services/user/service.go:43.62,45.2 1 1
awesomeProject/store/user/store.go:15.29,17.2 1 1
awesomeProject/store/user/store.go:19.63,21.16 2 1
awesomeProject/store/user/store.go:21.16,24.3 2 1
awesomeProject/store/user/store.go:26.2,28.12 2 1
awesomeProject/store/user/store.go:31.77,37.16 4 1
awesomeProject/store/user/store.go:37.16,41.3 2 1
awesomeProject/store/user/store.go:43.2,43.36 1 1
awesomeProject/store/user/store.go:46.68,50.16 3 1
awesomeProject/store/user/store.go:50.16,52.3 1 1
awesomeProject/store/user/store.go:54.2,60.17 4 1
awesomeProject/store/user/store.go:60.17,62.17 2 1
awesomeProject/store/user/store.go:62.17,64.4 1 0
awesomeProject/store/user/store.go:65.3,65.48 1 1
awesomeProject/store/user/store.go:68.2,68.19 1 1
awesomeProject/store/user/store.go:71.61,75.16 3 1
awesomeProject/store/user/store.go:75.16,76.27 1 1
awesomeProject/store/user/store.go:76.27,78.4 1 1
awesomeProject/store/user/store.go:80.3,82.15 2 1
awesomeProject/store/user/store.go:85.2,85.13 1 1
awesomeProject/store/user/store.go:88.59,92.16 3 1
awesomeProject/store/user/store.go:92.16,93.27 1 1
awesomeProject/store/user/store.go:93.27,95.4 1 1
awesomeProject/store/user/store.go:97.3,97.15 1 1
awesomeProject/store/user/store.go:100.2,100.16 1 1
