mode: set
awesomeProject/datasource/sql.go:8.41,11.16 2 0
awesomeProject/datasource/sql.go:11.16,13.3 1 0
awesomeProject/datasource/sql.go:14.2,15.16 2 0
awesomeProject/datasource/sql.go:15.16,17.3 1 0
awesomeProject/datasource/sql.go:19.2,20.16 2 0
awesomeProject/datasource/sql.go:20.16,22.3 1 0
awesomeProject/datasource/sql.go:24.2,25.16 2 0
awesomeProject/datasource/sql.go:25.16,27.3 1 0
awesomeProject/datasource/sql.go:29.2,29.16 1 0
awesomeProject/main.go:18.13,20.16 2 0
awesomeProject/main.go:20.16,23.3 2 0
awesomeProject/main.go:25.2,52.16 17 0
awesomeProject/main.go:52.16,55.3 1 0
awesomeProject/models/error.go:8.37,10.2 1 0
awesomeProject/models/task.go:12.32,14.2 1 0
awesomeProject/models/user.go:10.33,12.2 1 0
awesomeProject/handler/task/handler.go:25.40,27.2 1 1
awesomeProject/handler/task/handler.go:29.67,34.16 3 1
awesomeProject/handler/task/handler.go:34.16,40.3 4 0
awesomeProject/handler/task/handler.go:42.2,48.16 3 1
awesomeProject/handler/task/handler.go:48.16,54.3 4 1
awesomeProject/handler/task/handler.go:56.2,58.16 2 1
awesomeProject/handler/task/handler.go:58.16,63.3 4 1
awesomeProject/handler/task/handler.go:65.2,67.8 3 1
awesomeProject/handler/task/handler.go:71.68,73.16 2 1
awesomeProject/handler/task/handler.go:73.16,78.3 4 1
awesomeProject/handler/task/handler.go:79.2,83.12 4 1
awesomeProject/handler/task/handler.go:86.67,91.16 3 1
awesomeProject/handler/task/handler.go:91.16,97.3 4 1
awesomeProject/handler/task/handler.go:99.2,102.16 3 1
awesomeProject/handler/task/handler.go:102.16,107.3 4 1
awesomeProject/handler/task/handler.go:109.2,110.31 2 1
awesomeProject/handler/task/handler.go:113.70,117.16 3 1
awesomeProject/handler/task/handler.go:117.16,123.3 4 1
awesomeProject/handler/task/handler.go:125.2,127.16 3 1
awesomeProject/handler/task/handler.go:127.16,132.3 4 1
awesomeProject/handler/task/handler.go:133.2,133.9 1 1
awesomeProject/handler/task/handler.go:133.9,136.3 2 1
awesomeProject/handler/task/handler.go:139.70,143.16 3 1
awesomeProject/handler/task/handler.go:143.16,149.3 4 1
awesomeProject/handler/task/handler.go:151.2,153.16 3 1
awesomeProject/handler/task/handler.go:153.16,158.3 4 1
awesomeProject/handler/task/handler.go:159.2,159.9 1 1
awesomeProject/handler/task/handler.go:159.9,163.3 2 1
awesomeProject/store/user/store.go:14.29,16.2 1 1
awesomeProject/store/user/store.go:18.44,20.16 2 1
awesomeProject/store/user/store.go:20.16,24.3 2 1
awesomeProject/store/user/store.go:25.2,26.12 2 1
awesomeProject/store/user/store.go:29.58,35.16 4 1
awesomeProject/store/user/store.go:35.16,39.3 2 1
awesomeProject/store/user/store.go:40.2,40.36 1 1
awesomeProject/store/user/store.go:44.51,47.16 3 1
awesomeProject/store/user/store.go:47.16,50.3 1 1
awesomeProject/store/user/store.go:52.2,56.17 4 1
awesomeProject/store/user/store.go:56.17,58.17 2 1
awesomeProject/store/user/store.go:58.17,61.4 1 0
awesomeProject/store/user/store.go:62.3,62.48 1 1
awesomeProject/store/user/store.go:65.2,65.19 1 1
awesomeProject/store/user/store.go:68.42,71.16 3 1
awesomeProject/store/user/store.go:71.16,72.27 1 1
awesomeProject/store/user/store.go:72.27,74.4 1 1
awesomeProject/store/user/store.go:75.3,76.15 2 1
awesomeProject/store/user/store.go:79.2,79.13 1 0
awesomeProject/store/user/store.go:82.42,85.13 3 1
awesomeProject/store/user/store.go:85.13,87.3 1 1
awesomeProject/store/user/store.go:88.2,88.14 1 0
awesomeProject/handler/user/handler.go:22.40,24.2 1 1
awesomeProject/handler/user/handler.go:26.67,30.16 3 1
awesomeProject/handler/user/handler.go:30.16,35.3 4 0
awesomeProject/handler/user/handler.go:37.2,42.16 3 1
awesomeProject/handler/user/handler.go:42.16,47.3 4 1
awesomeProject/handler/user/handler.go:49.2,50.16 2 1
awesomeProject/handler/user/handler.go:50.16,55.3 4 1
awesomeProject/handler/user/handler.go:56.2,57.33 2 1
awesomeProject/handler/user/handler.go:60.71,64.16 3 1
awesomeProject/handler/user/handler.go:64.16,68.3 3 1
awesomeProject/handler/user/handler.go:70.2,72.16 2 1
awesomeProject/handler/user/handler.go:72.16,77.3 4 1
awesomeProject/handler/user/handler.go:79.2,80.31 2 1
awesomeProject/handler/user/handler.go:84.68,87.16 2 1
awesomeProject/handler/user/handler.go:87.16,98.3 7 1
awesomeProject/handler/user/handler.go:100.2,104.12 4 1
awesomeProject/services/task/service.go:26.61,31.2 1 1
awesomeProject/services/task/service.go:33.55,34.16 1 1
awesomeProject/services/task/service.go:34.16,36.3 1 1
awesomeProject/services/task/service.go:38.2,40.19 2 1
awesomeProject/services/task/service.go:40.19,42.3 1 1
awesomeProject/services/task/service.go:43.2,43.66 1 1
awesomeProject/services/task/service.go:46.53,49.2 1 1
awesomeProject/services/task/service.go:51.55,53.30 1 1
awesomeProject/services/task/service.go:53.30,55.3 1 1
awesomeProject/services/task/service.go:56.2,56.81 1 1
awesomeProject/services/task/service.go:59.51,60.30 1 1
awesomeProject/services/task/service.go:60.30,62.3 1 1
awesomeProject/services/task/service.go:63.2,63.73 1 1
awesomeProject/services/task/service.go:66.51,67.30 1 1
awesomeProject/services/task/service.go:67.30,69.3 1 1
awesomeProject/services/task/service.go:70.2,70.73 1 1
awesomeProject/services/user/service.go:20.36,24.2 1 1
awesomeProject/services/user/service.go:26.46,27.16 1 1
awesomeProject/services/user/service.go:27.16,29.3 1 1
awesomeProject/services/user/service.go:30.2,30.30 1 1
awesomeProject/services/user/service.go:33.55,34.33 1 1
awesomeProject/services/user/service.go:34.33,36.3 1 1
awesomeProject/services/user/service.go:38.2,38.84 1 1
awesomeProject/services/user/service.go:42.56,43.23 1 1
awesomeProject/services/user/service.go:43.23,45.3 1 1
awesomeProject/services/user/service.go:47.2,47.100 1 1
awesomeProject/services/user/service.go:50.43,53.2 1 1
awesomeProject/store/task/store.go:15.29,17.2 1 1
awesomeProject/store/task/store.go:19.53,22.16 2 1
awesomeProject/store/task/store.go:22.16,26.3 2 0
awesomeProject/store/task/store.go:27.2,27.12 1 1
awesomeProject/store/task/store.go:30.52,40.16 7 1
awesomeProject/store/task/store.go:40.16,44.3 2 0
awesomeProject/store/task/store.go:46.2,47.17 2 1
awesomeProject/store/task/store.go:47.17,49.17 2 1
awesomeProject/store/task/store.go:49.17,53.4 2 0
awesomeProject/store/task/store.go:54.3,54.69 1 1
awesomeProject/store/task/store.go:58.2,58.21 1 1
awesomeProject/store/task/store.go:61.55,69.16 6 1
awesomeProject/store/task/store.go:69.16,73.3 2 0
awesomeProject/store/task/store.go:74.2,74.53 1 1
awesomeProject/store/task/store.go:77.50,80.16 2 1
awesomeProject/store/task/store.go:80.16,84.3 2 0
awesomeProject/store/task/store.go:85.2,85.18 1 1
awesomeProject/store/task/store.go:88.50,91.16 2 1
awesomeProject/store/task/store.go:91.16,95.3 2 0
awesomeProject/store/task/store.go:96.2,96.18 1 1
awesomeProject/store/task/store.go:99.43,104.16 4 1
awesomeProject/store/task/store.go:104.16,105.27 1 0
awesomeProject/store/task/store.go:105.27,107.4 1 0
awesomeProject/store/task/store.go:108.3,109.15 2 0
awesomeProject/store/task/store.go:111.2,111.13 1 1
