mode: set
awesomeProject/handler/user/handler.go:17.40,19.2 1 1
awesomeProject/handler/user/handler.go:21.67,25.16 3 1
awesomeProject/handler/user/handler.go:25.16,30.3 4 0
awesomeProject/handler/user/handler.go:32.2,37.16 3 1
awesomeProject/handler/user/handler.go:37.16,42.3 4 1
awesomeProject/handler/user/handler.go:44.2,45.16 2 1
awesomeProject/handler/user/handler.go:45.16,50.3 4 1
awesomeProject/handler/user/handler.go:51.2,52.33 2 1
awesomeProject/handler/user/handler.go:55.71,59.16 3 1
awesomeProject/handler/user/handler.go:59.16,63.3 3 1
awesomeProject/handler/user/handler.go:65.2,67.16 2 1
awesomeProject/handler/user/handler.go:67.16,72.3 4 1
awesomeProject/handler/user/handler.go:74.2,75.31 2 1
awesomeProject/handler/user/handler.go:79.68,82.16 2 1
awesomeProject/handler/user/handler.go:82.16,89.3 4 1
awesomeProject/handler/user/handler.go:91.2,95.12 4 1
awesomeProject/handler/user/mock_interface.go:32.67,36.2 3 1
awesomeProject/handler/user/mock_interface.go:39.65,41.2 1 1
awesomeProject/handler/user/mock_interface.go:44.54,49.2 4 1
awesomeProject/handler/user/mock_interface.go:52.71,55.2 2 1
awesomeProject/handler/user/mock_interface.go:58.66,64.2 5 1
awesomeProject/handler/user/mock_interface.go:67.71,70.2 2 1
awesomeProject/handler/user/mock_interface.go:73.64,79.2 5 1
awesomeProject/handler/user/mock_interface.go:82.64,85.2 2 1
