mode: set
awesomeProject/handler/user/handler.go:14.40,16.2 1 1
awesomeProject/handler/user/handler.go:18.59,23.16 3 1
awesomeProject/handler/user/handler.go:23.16,25.3 1 1
awesomeProject/handler/user/handler.go:27.2,28.16 2 1
awesomeProject/handler/user/handler.go:28.16,30.3 1 1
awesomeProject/handler/user/handler.go:32.2,32.28 1 1
awesomeProject/handler/user/handler.go:35.63,38.16 2 1
awesomeProject/handler/user/handler.go:38.16,40.3 1 1
awesomeProject/handler/user/handler.go:42.2,44.16 2 1
awesomeProject/handler/user/handler.go:44.16,46.3 1 1
awesomeProject/handler/user/handler.go:48.2,48.17 1 1
awesomeProject/handler/user/handler.go:51.60,53.16 2 1
awesomeProject/handler/user/handler.go:53.16,55.3 1 1
awesomeProject/handler/user/handler.go:57.2,57.17 1 1
awesomeProject/handler/user/mock_interface.go:33.67,37.2 3 1
awesomeProject/handler/user/mock_interface.go:40.65,42.2 1 1
awesomeProject/handler/user/mock_interface.go:45.73,50.2 4 1
awesomeProject/handler/user/mock_interface.go:53.76,56.2 2 1
awesomeProject/handler/user/mock_interface.go:59.85,65.2 5 1
awesomeProject/handler/user/mock_interface.go:68.76,71.2 2 1
awesomeProject/handler/user/mock_interface.go:74.81,80.2 5 1
awesomeProject/handler/user/mock_interface.go:83.71,86.2 2 1
