mode: set
awesomeProject/store/task/store.go:15.29,17.2 1 1
awesomeProject/store/task/store.go:19.53,22.16 2 1
awesomeProject/store/task/store.go:22.16,26.3 2 1
awesomeProject/store/task/store.go:27.2,27.12 1 1
awesomeProject/store/task/store.go:30.52,40.16 7 1
awesomeProject/store/task/store.go:40.16,44.3 2 1
awesomeProject/store/task/store.go:46.2,47.17 2 1
awesomeProject/store/task/store.go:47.17,49.17 2 1
awesomeProject/store/task/store.go:49.17,53.4 2 0
awesomeProject/store/task/store.go:54.3,54.69 1 1
awesomeProject/store/task/store.go:58.2,58.21 1 1
awesomeProject/store/task/store.go:61.55,69.16 6 1
awesomeProject/store/task/store.go:69.16,73.3 2 1
awesomeProject/store/task/store.go:74.2,74.53 1 1
awesomeProject/store/task/store.go:77.50,80.16 2 1
awesomeProject/store/task/store.go:80.16,84.3 2 1
awesomeProject/store/task/store.go:85.2,85.18 1 1
awesomeProject/store/task/store.go:88.50,91.16 2 1
awesomeProject/store/task/store.go:91.16,95.3 2 1
awesomeProject/store/task/store.go:96.2,96.18 1 1
awesomeProject/store/task/store.go:99.43,104.16 4 1
awesomeProject/store/task/store.go:104.16,105.27 1 1
awesomeProject/store/task/store.go:105.27,107.4 1 1
awesomeProject/store/task/store.go:108.3,109.15 2 0
awesomeProject/store/task/store.go:111.2,111.13 1 1
