mode: set
awesomeProject/services/user/mock_interface.go:33.63,37.2 3 1
awesomeProject/services/user/mock_interface.go:40.61,42.2 1 1
awesomeProject/services/user/mock_interface.go:45.71,50.2 4 1
awesomeProject/services/user/mock_interface.go:53.74,56.2 2 1
awesomeProject/services/user/mock_interface.go:59.67,64.2 4 1
awesomeProject/services/user/mock_interface.go:67.78,70.2 2 1
awesomeProject/services/user/mock_interface.go:73.69,78.2 4 1
awesomeProject/services/user/mock_interface.go:81.76,84.2 2 1
awesomeProject/services/user/mock_interface.go:87.77,93.2 5 1
awesomeProject/services/user/mock_interface.go:96.76,99.2 2 1
awesomeProject/services/user/mock_interface.go:102.76,108.2 5 1
awesomeProject/services/user/mock_interface.go:111.69,114.2 2 1
awesomeProject/services/user/service.go:13.36,17.2 1 1
awesomeProject/services/user/service.go:19.65,20.16 1 1
awesomeProject/services/user/service.go:20.16,22.3 1 1
awesomeProject/services/user/service.go:24.2,24.35 1 1
awesomeProject/services/user/service.go:27.73,28.36 1 1
awesomeProject/services/user/service.go:28.36,30.3 1 1
awesomeProject/services/user/service.go:32.2,32.86 1 1
awesomeProject/services/user/service.go:35.68,36.28 1 1
awesomeProject/services/user/service.go:36.28,38.3 1 1
awesomeProject/services/user/service.go:40.2,40.92 1 1
awesomeProject/services/user/service.go:43.62,45.2 1 1
