mode: set
awesomeProject/services/user/service.go:20.36,24.2 1 1
awesomeProject/services/user/service.go:26.46,27.16 1 1
awesomeProject/services/user/service.go:27.16,29.3 1 1
awesomeProject/services/user/service.go:30.2,30.30 1 1
awesomeProject/services/user/service.go:33.55,34.33 1 1
awesomeProject/services/user/service.go:34.33,36.3 1 1
awesomeProject/services/user/service.go:38.2,38.84 1 1
awesomeProject/services/user/service.go:42.56,43.23 1 1
awesomeProject/services/user/service.go:43.23,45.3 1 1
awesomeProject/services/user/service.go:47.2,47.100 1 1
awesomeProject/services/user/service.go:50.43,53.2 1 1
