mode: set
awesomeProject/services/task/mock_interface.go:33.63,37.2 3 1
awesomeProject/services/task/mock_interface.go:40.61,42.2 1 1
awesomeProject/services/task/mock_interface.go:45.80,50.2 4 1
awesomeProject/services/task/mock_interface.go:53.79,56.2 2 1
awesomeProject/services/task/mock_interface.go:59.70,64.2 4 1
awesomeProject/services/task/mock_interface.go:67.77,70.2 2 1
awesomeProject/services/task/mock_interface.go:73.69,78.2 4 1
awesomeProject/services/task/mock_interface.go:81.75,84.2 2 1
awesomeProject/services/task/mock_interface.go:87.73,93.2 5 1
awesomeProject/services/task/mock_interface.go:96.72,99.2 2 1
awesomeProject/services/task/mock_interface.go:102.69,107.2 4 1
awesomeProject/services/task/mock_interface.go:110.75,113.2 2 1
awesomeProject/services/task/mock_interface.go:116.77,122.2 5 1
awesomeProject/services/task/mock_interface.go:125.69,128.2 2 1
awesomeProject/services/task/mock_interface.go:143.67,147.2 3 1
awesomeProject/services/task/mock_interface.go:150.65,152.2 1 1
awesomeProject/services/task/mock_interface.go:155.71,160.2 4 1
awesomeProject/services/task/mock_interface.go:163.78,166.2 2 1
awesomeProject/services/task/service.go:14.61,19.2 1 1
awesomeProject/services/task/service.go:21.74,22.16 1 1
awesomeProject/services/task/service.go:22.16,24.3 1 1
awesomeProject/services/task/service.go:26.2,28.11 2 1
awesomeProject/services/task/service.go:28.11,30.3 1 1
awesomeProject/services/task/service.go:31.2,31.82 1 1
awesomeProject/services/task/service.go:34.71,36.2 1 1
awesomeProject/services/task/service.go:38.66,39.35 1 1
awesomeProject/services/task/service.go:39.35,41.3 1 1
awesomeProject/services/task/service.go:42.2,42.87 1 1
awesomeProject/services/task/service.go:45.62,46.35 1 1
awesomeProject/services/task/service.go:46.35,48.3 1 1
awesomeProject/services/task/service.go:49.2,49.82 1 1
awesomeProject/services/task/service.go:52.62,53.35 1 1
awesomeProject/services/task/service.go:53.35,55.3 1 1
awesomeProject/services/task/service.go:56.2,56.82 1 1
awesomeProject/services/user/mock_interface.go:33.63,37.2 3 1
awesomeProject/services/user/mock_interface.go:40.61,42.2 1 1
awesomeProject/services/user/mock_interface.go:45.71,50.2 4 1
awesomeProject/services/user/mock_interface.go:53.74,56.2 2 1
awesomeProject/services/user/mock_interface.go:59.67,64.2 4 1
awesomeProject/services/user/mock_interface.go:67.78,70.2 2 1
awesomeProject/services/user/mock_interface.go:73.69,78.2 4 1
awesomeProject/services/user/mock_interface.go:81.76,84.2 2 1
awesomeProject/services/user/mock_interface.go:87.77,93.2 5 1
awesomeProject/services/user/mock_interface.go:96.76,99.2 2 1
awesomeProject/services/user/mock_interface.go:102.76,108.2 5 1
awesomeProject/services/user/mock_interface.go:111.69,114.2 2 1
awesomeProject/services/user/service.go:13.36,17.2 1 1
awesomeProject/services/user/service.go:19.65,20.16 1 1
awesomeProject/services/user/service.go:20.16,22.3 1 1
awesomeProject/services/user/service.go:24.2,24.35 1 1
awesomeProject/services/user/service.go:27.73,28.36 1 1
awesomeProject/services/user/service.go:28.36,30.3 1 1
awesomeProject/services/user/service.go:32.2,32.86 1 1
awesomeProject/services/user/service.go:35.68,36.28 1 1
awesomeProject/services/user/service.go:36.28,38.3 1 1
awesomeProject/services/user/service.go:40.2,40.92 1 1
awesomeProject/services/user/service.go:43.62,45.2 1 1
