mode: set
awesomeProject/services/task/mock_interface.go:33.63,37.2 3 1
awesomeProject/services/task/mock_interface.go:40.61,42.2 1 1
awesomeProject/services/task/mock_interface.go:45.80,50.2 4 1
awesomeProject/services/task/mock_interface.go:53.79,56.2 2 1
awesomeProject/services/task/mock_interface.go:59.70,64.2 4 1
awesomeProject/services/task/mock_interface.go:67.77,70.2 2 1
awesomeProject/services/task/mock_interface.go:73.77,79.2 5 1
awesomeProject/services/task/mock_interface.go:82.75,85.2 2 1
awesomeProject/services/task/mock_interface.go:88.82,94.2 5 1
awesomeProject/services/task/mock_interface.go:97.72,100.2 2 1
awesomeProject/services/task/mock_interface.go:103.77,109.2 5 1
awesomeProject/services/task/mock_interface.go:112.75,115.2 2 1
awesomeProject/services/task/mock_interface.go:118.77,124.2 5 1
awesomeProject/services/task/mock_interface.go:127.69,130.2 2 1
awesomeProject/services/task/mock_interface.go:145.67,149.2 3 1
awesomeProject/services/task/mock_interface.go:152.65,154.2 1 1
awesomeProject/services/task/mock_interface.go:157.71,162.2 4 1
awesomeProject/services/task/mock_interface.go:165.78,168.2 2 1
awesomeProject/services/task/service.go:14.61,19.2 1 1
awesomeProject/services/task/service.go:21.74,22.16 1 1
awesomeProject/services/task/service.go:22.16,24.3 1 1
awesomeProject/services/task/service.go:26.2,28.11 2 1
awesomeProject/services/task/service.go:28.11,30.3 1 1
awesomeProject/services/task/service.go:31.2,31.66 1 1
awesomeProject/services/task/service.go:34.70,36.2 1 1
awesomeProject/services/task/service.go:38.74,39.35 1 1
awesomeProject/services/task/service.go:39.35,41.3 1 1
awesomeProject/services/task/service.go:42.2,42.81 1 1
awesomeProject/services/task/service.go:45.70,46.35 1 1
awesomeProject/services/task/service.go:46.35,48.3 1 1
awesomeProject/services/task/service.go:49.2,49.73 1 1
awesomeProject/services/task/service.go:52.70,53.35 1 1
awesomeProject/services/task/service.go:53.35,55.3 1 1
awesomeProject/services/task/service.go:56.2,56.73 1 1
awesomeProject/services/user/mock_interface.go:33.63,37.2 3 1
awesomeProject/services/user/mock_interface.go:40.61,42.2 1 1
awesomeProject/services/user/mock_interface.go:45.71,50.2 4 1
awesomeProject/services/user/mock_interface.go:53.74,56.2 2 1
awesomeProject/services/user/mock_interface.go:59.67,64.2 4 1
awesomeProject/services/user/mock_interface.go:67.78,70.2 2 1
awesomeProject/services/user/mock_interface.go:73.69,78.2 4 1
awesomeProject/services/user/mock_interface.go:81.76,84.2 2 1
awesomeProject/services/user/mock_interface.go:87.85,93.2 5 1
awesomeProject/services/user/mock_interface.go:96.76,99.2 2 1
awesomeProject/services/user/mock_interface.go:102.76,108.2 5 1
awesomeProject/services/user/mock_interface.go:111.69,114.2 2 1
awesomeProject/services/user/service.go:13.36,17.2 1 1
awesomeProject/services/user/service.go:19.65,20.16 1 1
awesomeProject/services/user/service.go:20.16,22.3 1 1
awesomeProject/services/user/service.go:24.2,24.35 1 1
awesomeProject/services/user/service.go:27.72,28.36 1 1
awesomeProject/services/user/service.go:28.36,30.3 1 1
awesomeProject/services/user/service.go:32.2,32.84 1 1
awesomeProject/services/user/service.go:35.75,36.28 1 1
awesomeProject/services/user/service.go:36.28,38.3 1 1
awesomeProject/services/user/service.go:40.2,40.100 1 1
awesomeProject/services/user/service.go:43.62,45.2 1 1
