mode: set
awesomeProject/services/task/mock_interface.go:32.63,36.2 3 1
awesomeProject/services/task/mock_interface.go:39.61,41.2 1 1
awesomeProject/services/task/mock_interface.go:44.61,49.2 4 1
awesomeProject/services/task/mock_interface.go:52.74,55.2 2 1
awesomeProject/services/task/mock_interface.go:58.51,63.2 4 1
awesomeProject/services/task/mock_interface.go:66.72,69.2 2 1
awesomeProject/services/task/mock_interface.go:72.58,78.2 5 1
awesomeProject/services/task/mock_interface.go:81.70,84.2 2 1
awesomeProject/services/task/mock_interface.go:87.63,93.2 5 1
awesomeProject/services/task/mock_interface.go:96.67,99.2 2 1
awesomeProject/services/task/mock_interface.go:102.58,108.2 5 1
awesomeProject/services/task/mock_interface.go:111.70,114.2 2 1
awesomeProject/services/task/mock_interface.go:117.60,123.2 5 1
awesomeProject/services/task/mock_interface.go:126.62,129.2 2 1
awesomeProject/services/task/mock_interface.go:144.67,148.2 3 1
awesomeProject/services/task/mock_interface.go:151.65,153.2 1 1
awesomeProject/services/task/mock_interface.go:156.52,161.2 4 1
awesomeProject/services/task/mock_interface.go:164.73,167.2 2 1
awesomeProject/services/task/service.go:13.61,18.2 1 1
awesomeProject/services/task/service.go:20.55,21.16 1 1
awesomeProject/services/task/service.go:21.16,23.3 1 1
awesomeProject/services/task/service.go:25.2,27.19 2 1
awesomeProject/services/task/service.go:27.19,29.3 1 1
awesomeProject/services/task/service.go:30.2,30.66 1 1
awesomeProject/services/task/service.go:33.53,36.2 1 1
awesomeProject/services/task/service.go:38.55,40.30 1 1
awesomeProject/services/task/service.go:40.30,42.3 1 1
awesomeProject/services/task/service.go:43.2,43.81 1 1
awesomeProject/services/task/service.go:46.51,47.30 1 1
awesomeProject/services/task/service.go:47.30,49.3 1 1
awesomeProject/services/task/service.go:50.2,50.73 1 1
awesomeProject/services/task/service.go:53.51,54.30 1 1
awesomeProject/services/task/service.go:54.30,56.3 1 1
awesomeProject/services/task/service.go:57.2,57.73 1 1
