mode: set
awesomeProject/handler/task/handler.go:15.40,17.2 1 1
awesomeProject/handler/task/handler.go:30.59,34.16 3 1
awesomeProject/handler/task/handler.go:34.16,36.3 1 1
awesomeProject/handler/task/handler.go:38.2,39.16 2 1
awesomeProject/handler/task/handler.go:39.16,41.3 1 1
awesomeProject/handler/task/handler.go:43.2,43.26 1 1
awesomeProject/handler/task/handler.go:54.60,56.16 2 1
awesomeProject/handler/task/handler.go:56.16,58.3 1 1
awesomeProject/handler/task/handler.go:60.2,60.17 1 1
awesomeProject/handler/task/handler.go:73.59,75.16 2 1
awesomeProject/handler/task/handler.go:75.16,77.3 1 1
awesomeProject/handler/task/handler.go:79.2,80.16 2 1
awesomeProject/handler/task/handler.go:80.16,82.3 1 1
awesomeProject/handler/task/handler.go:84.2,84.17 1 1
awesomeProject/handler/task/handler.go:97.62,99.16 2 1
awesomeProject/handler/task/handler.go:99.16,101.3 1 1
awesomeProject/handler/task/handler.go:103.2,104.16 2 1
awesomeProject/handler/task/handler.go:104.16,106.3 1 1
awesomeProject/handler/task/handler.go:108.2,108.28 1 1
awesomeProject/handler/task/handler.go:121.62,123.16 2 1
awesomeProject/handler/task/handler.go:123.16,125.3 1 1
awesomeProject/handler/task/handler.go:127.2,128.16 2 1
awesomeProject/handler/task/handler.go:128.16,130.3 1 1
awesomeProject/handler/task/handler.go:132.2,132.17 1 1
awesomeProject/handler/task/mock_interface.go:33.67,37.2 3 1
awesomeProject/handler/task/mock_interface.go:40.65,42.2 1 1
awesomeProject/handler/task/mock_interface.go:45.82,50.2 4 1
awesomeProject/handler/task/mock_interface.go:53.81,56.2 2 1
awesomeProject/handler/task/mock_interface.go:59.71,64.2 4 1
awesomeProject/handler/task/mock_interface.go:67.77,70.2 2 1
awesomeProject/handler/task/mock_interface.go:73.75,79.2 5 1
awesomeProject/handler/task/mock_interface.go:82.74,85.2 2 1
awesomeProject/handler/task/mock_interface.go:88.71,93.2 4 1
awesomeProject/handler/task/mock_interface.go:96.77,99.2 2 1
awesomeProject/handler/task/mock_interface.go:102.79,108.2 5 1
awesomeProject/handler/task/mock_interface.go:111.71,114.2 2 1
