mode: set
awesomeProject/handler/task/handler.go:17.40,19.2 1 1
awesomeProject/handler/task/handler.go:21.67,26.16 3 1
awesomeProject/handler/task/handler.go:26.16,32.3 4 0
awesomeProject/handler/task/handler.go:34.2,40.16 3 1
awesomeProject/handler/task/handler.go:40.16,46.3 4 1
awesomeProject/handler/task/handler.go:48.2,50.16 2 1
awesomeProject/handler/task/handler.go:50.16,55.3 4 1
awesomeProject/handler/task/handler.go:57.2,59.8 3 1
awesomeProject/handler/task/handler.go:63.68,65.16 2 1
awesomeProject/handler/task/handler.go:65.16,70.3 4 1
awesomeProject/handler/task/handler.go:71.2,75.12 4 1
awesomeProject/handler/task/handler.go:78.67,83.16 3 1
awesomeProject/handler/task/handler.go:83.16,89.3 4 1
awesomeProject/handler/task/handler.go:91.2,94.16 3 1
awesomeProject/handler/task/handler.go:94.16,99.3 4 1
awesomeProject/handler/task/handler.go:101.2,102.31 2 1
awesomeProject/handler/task/handler.go:105.70,109.16 3 1
awesomeProject/handler/task/handler.go:109.16,115.3 4 1
awesomeProject/handler/task/handler.go:117.2,119.16 3 1
awesomeProject/handler/task/handler.go:119.16,124.3 4 1
awesomeProject/handler/task/handler.go:125.2,125.9 1 1
awesomeProject/handler/task/handler.go:125.9,128.3 2 1
awesomeProject/handler/task/handler.go:131.70,135.16 3 1
awesomeProject/handler/task/handler.go:135.16,141.3 4 1
awesomeProject/handler/task/handler.go:143.2,145.16 3 1
awesomeProject/handler/task/handler.go:145.16,150.3 4 1
awesomeProject/handler/task/handler.go:151.2,151.9 1 1
awesomeProject/handler/task/handler.go:151.9,155.3 2 1
awesomeProject/handler/task/mock_interface.go:32.67,36.2 3 1
awesomeProject/handler/task/mock_interface.go:39.65,41.2 1 1
awesomeProject/handler/task/mock_interface.go:44.63,49.2 4 1
awesomeProject/handler/task/mock_interface.go:52.76,55.2 2 1
awesomeProject/handler/task/mock_interface.go:58.60,64.2 5 1
awesomeProject/handler/task/mock_interface.go:67.72,70.2 2 1
awesomeProject/handler/task/mock_interface.go:73.65,79.2 5 1
awesomeProject/handler/task/mock_interface.go:82.69,85.2 2 1
awesomeProject/handler/task/mock_interface.go:88.60,94.2 5 1
awesomeProject/handler/task/mock_interface.go:97.72,100.2 2 1
awesomeProject/handler/task/mock_interface.go:103.62,109.2 5 1
awesomeProject/handler/task/mock_interface.go:112.64,115.2 2 1
